2019-08-08 11:35:08 INFO  MGAllNetworkCarrierProvision:33 - Started Hutching carrier Provision
2019-08-08 11:37:45 INFO  EmployeesPage:953 - Click on Add new device for Hutchison
2019-08-08 11:55:59 INFO  MGAllNetworkCarrierProvision:34 - Started Hutching carrier Provision
2019-08-08 11:56:57 INFO  EmployeesPage:958 - Click on Add new device for Hutchison
2019-08-08 12:51:07 INFO  MGAllNetworkCarrierProvision:34 - Started Hutching carrier Provision
2019-08-08 12:51:13 INFO  EmployeesPage:958 - Click on Add new device for Hutchison
2019-08-08 12:58:22 INFO  MGAllNetworkCarrierProvision:34 - Started Hutching carrier Provision
2019-08-08 12:58:29 INFO  EmployeesPage:958 - Click on Add new device for HutchisonAnd number added1908085801
2019-08-08 16:23:58 INFO  MGAllNetworkCarrierProvision:34 - Started Hutching carrier Provision
2019-08-08 16:30:06 INFO  MGAllNetworkCarrierProvision:34 - Started Hutching carrier Provision
2019-08-08 16:33:53 INFO  MGAllNetworkCarrierProvision:34 - Started Hutching carrier Provision
2019-08-08 16:35:29 INFO  MGAllNetworkCarrierProvision:34 - Started Hutching carrier Provision
2019-08-08 16:37:03 INFO  MGAllNetworkCarrierProvision:34 - Started Hutching carrier Provision
2019-08-08 16:39:40 INFO  MGAllNetworkCarrierProvision:34 - Started Hutching carrier Provision
2019-08-08 16:42:07 INFO  MGAllNetworkCarrierProvision:34 - Started Hutching carrier Provision
2019-08-08 17:11:00 INFO  MGAllNetworkCarrierProvision:45 - Started Hutching carrier Provision
2019-08-08 17:11:08 INFO  EmployeesPage:958 - Click on Add new device for HutchisonAnd number added1908081037
2019-08-08 18:16:36 INFO  MGAllNetworkCarrierProvision:45 - Started Rogers carrier Provision
2019-08-08 18:16:44 INFO  EmployeesPage:958 - Click on Add new device for RogersAnd number added1908081602
2019-08-08 18:18:05 INFO  MGAllNetworkCarrierProvision:45 - Started Rogers carrier Provision
2019-08-08 18:18:12 INFO  EmployeesPage:958 - Click on Add new device for RogersAnd number added1908081741
2019-08-08 18:20:31 INFO  MGAllNetworkCarrierProvision:45 - Started Rogers carrier Provision
2019-08-08 18:20:39 INFO  EmployeesPage:958 - Click on Add new device for RogersAnd number added1908082008
2019-08-08 18:27:52 INFO  MGAllNetworkCarrierProvision:58 - Started T-Mobile carrier Provision
2019-08-08 18:28:00 INFO  EmployeesPage:958 - Click on Add new device for T-MobileAnd number added1908082729
2019-08-08 18:28:10 INFO  MGAllNetworkCarrierProvision:64 - Succefully completed T-Mobile carrier Provision
2019-08-08 18:46:13 INFO  MGAllNetworkCarrierProvision:70 - Started Truphone carrier Provision
2019-08-08 18:46:21 INFO  EmployeesPage:958 - Click on Add new device for TruphoneAnd number added1908084548
2019-08-08 18:46:47 INFO  EmployeesPage:968 - [Ljava.lang.StackTraceElement;@4ed5eb72
2019-08-08 18:51:07 INFO  MGAllNetworkCarrierProvision:70 - Started Truphone carrier Provision
2019-08-08 18:57:35 INFO  EmployeesPage:968 - [Ljava.lang.StackTraceElement;@5d28bcd5
2019-08-08 18:58:10 INFO  MGAllNetworkCarrierProvision:70 - Started Truphone carrier Provision
2019-08-08 18:58:16 INFO  EmployeesPage:958 - Click on Add new device for TruphoneAnd number added1908085750
2019-08-08 18:58:23 INFO  EmployeesPage:968 - [Ljava.lang.StackTraceElement;@12f9af83
2019-08-09 12:16:10 INFO  MGAllNetworkCarrierProvision:70 - Started Truphone carrier Provision
2019-08-09 12:16:24 INFO  EmployeesPage:959 - Click on Add new device for TruphoneAnd number added1908091524
2019-08-09 12:16:31 INFO  EmployeesPage:969 - [Ljava.lang.StackTraceElement;@12f9af83
2019-08-12 11:28:54 INFO  MGAllNetworkCarrierProvision:70 - Started Truphone carrier Provision
2019-08-12 11:29:08 INFO  EmployeesPage:960 - Click on Add new device for TruphoneAnd number added1908122830
2019-08-12 11:32:56 INFO  MGAllNetworkCarrierProvision:70 - Started Truphone carrier Provision
2019-08-12 11:33:09 INFO  EmployeesPage:960 - Click on Add new device for TruphoneAnd number added1908123244
2019-08-12 11:35:13 INFO  MGAllNetworkCarrierProvision:70 - Started Truphone carrier Provision
2019-08-12 11:35:24 INFO  EmployeesPage:960 - Click on Add new device for TruphoneAnd number added1908123500
2019-08-12 11:35:33 INFO  MGAllNetworkCarrierProvision:76 - Succefully completed Truphone carrier Provision
2019-08-12 11:37:06 INFO  MGAllNetworkCarrierProvision:81 - Started Hutching carrier Provision
2019-08-12 11:38:55 INFO  EmployeesPage:960 - Click on Add new device for HutchisonAnd number added1908123654
2019-08-12 11:39:32 INFO  MGAllNetworkCarrierProvision:87 - Succefully completed Rogers carrier Provision
2019-08-12 11:49:22 INFO  MGAllNetworkCarrierProvision:82 - Started US Cellular carrier Provision
2019-08-12 11:49:49 INFO  EmployeesPage:960 - Click on Add new device for US CellularAnd number added1908124910
2019-08-12 11:50:28 INFO  MGAllNetworkCarrierProvision:88 - Succefully completed Rogers carrier Provision
2019-08-12 12:36:48 INFO  MGAllNetworkCarrierProvision:107 - Started Vodafone carrier Provision
2019-08-12 12:38:32 INFO  EmployeesPage:962 - Click on Add new device for VodafoneAnd number added1908123633
2019-08-12 12:39:07 INFO  MGAllNetworkCarrierProvision:113 - Succefully completed Vodafone carrier Provision
